03.02.2021 16:07:39 [main]  INFO  upskill.Xml : 16 - The application is running.
03.02.2021 16:08:14 [main]  INFO  upskill.Xml : 29 - The configuration file is selected.
03.02.2021 16:08:14 [main]  INFO  upskill.XmlParsing : 56 - The configuration file is read.
03.02.2021 16:08:19 [main]  INFO  upskill.Xml : 43 - Directory selected.
03.02.2021 16:08:19 [main]  INFO  upskill.Xml : 58 - Renaming completed.
03.02.2021 16:08:19 [main]  INFO  upskill.XmlSave : 64 - XML file is created.
03.02.2021 16:08:19 [main]  INFO  upskill.XmlSave : 102 - XML file is created.
03.02.2021 16:08:19 [main]  INFO  upskill.Xml : 69 - The application is finished.
03.02.2021 16:11:35 [main]  INFO  upskill.Xml : 16 - The application is running.
03.02.2021 16:11:42 [main]  INFO  upskill.Xml : 29 - The configuration file is selected.
03.02.2021 16:11:42 [main]  INFO  upskill.XmlParsing : 80 - The configuration file is read.
03.02.2021 16:11:49 [main]  INFO  upskill.Xml : 43 - Directory selected.
03.02.2021 16:11:49 [main]  INFO  upskill.Xml : 58 - Renaming completed.
03.02.2021 16:11:50 [main]  INFO  upskill.XmlSave : 65 - XML file is created.
03.02.2021 16:11:50 [main]  INFO  upskill.XmlSave : 102 - XML file is created.
03.02.2021 16:11:50 [main]  INFO  upskill.Xml : 69 - The application is finished.
03.02.2021 16:12:51 [main]  INFO  upskill.Xml : 16 - The application is running.
03.02.2021 16:13:00 [main]  INFO  upskill.Xml : 29 - The configuration file is selected.
03.02.2021 16:13:00 [main]  INFO  upskill.XmlParsing : 97 - The configuration file is read.
03.02.2021 16:13:05 [main]  INFO  upskill.Xml : 43 - Directory selected.
03.02.2021 16:13:05 [main]  INFO  upskill.Xml : 58 - Renaming completed.
03.02.2021 16:13:05 [main]  INFO  upskill.XmlSave : 65 - XML file is created.
03.02.2021 16:13:05 [main]  INFO  upskill.XmlSave : 102 - XML file is created.
03.02.2021 16:13:05 [main]  INFO  upskill.Xml : 69 - The application is finished.
{
  "instant" : {
    "epochSecond" : 1612358337,
    "nanoOfSecond" : 109096800
  },
  "thread" : "main",
  "level" : "INFO",
  "loggerName" : "com.epam.upskill.Xml",
  "message" : "The application is running.",
  "endOfBatch" : false,
  "loggerFqcn" : "org.apache.logging.log4j.spi.AbstractLogger",
  "threadId" : 1,
  "threadPriority" : 5
}
{
  "instant" : {
    "epochSecond" : 1612358363,
    "nanoOfSecond" : 574696700
  },
  "thread" : "main",
  "level" : "INFO",
  "loggerName" : "com.epam.upskill.Xml",
  "message" : "The configuration file is selected.",
  "endOfBatch" : false,
  "loggerFqcn" : "org.apache.logging.log4j.spi.AbstractLogger",
  "threadId" : 1,
  "threadPriority" : 5
}
{
  "instant" : {
    "epochSecond" : 1612358363,
    "nanoOfSecond" : 581696500
  },
  "thread" : "main",
  "level" : "INFO",
  "loggerName" : "com.epam.upskill.XmlParsing",
  "message" : "The configuration file is read.",
  "endOfBatch" : false,
  "loggerFqcn" : "org.apache.logging.log4j.spi.AbstractLogger",
  "threadId" : 1,
  "threadPriority" : 5
}
{
  "instant" : {
    "epochSecond" : 1612358370,
    "nanoOfSecond" : 973001900
  },
  "thread" : "main",
  "level" : "INFO",
  "loggerName" : "com.epam.upskill.Xml",
  "message" : "Directory selected.",
  "endOfBatch" : false,
  "loggerFqcn" : "org.apache.logging.log4j.spi.AbstractLogger",
  "threadId" : 1,
  "threadPriority" : 5
}
{
  "instant" : {
    "epochSecond" : 1612358370,
    "nanoOfSecond" : 976000500
  },
  "thread" : "main",
  "level" : "INFO",
  "loggerName" : "com.epam.upskill.Xml",
  "message" : "Renaming completed.",
  "endOfBatch" : false,
  "loggerFqcn" : "org.apache.logging.log4j.spi.AbstractLogger",
  "threadId" : 1,
  "threadPriority" : 5
}
{
  "instant" : {
    "epochSecond" : 1612358371,
    "nanoOfSecond" : 55951200
  },
  "thread" : "main",
  "level" : "INFO",
  "loggerName" : "com.epam.upskill.XmlSave",
  "message" : "XML file is created.",
  "endOfBatch" : false,
  "loggerFqcn" : "org.apache.logging.log4j.spi.AbstractLogger",
  "threadId" : 1,
  "threadPriority" : 5
}
{
  "instant" : {
    "epochSecond" : 1612358371,
    "nanoOfSecond" : 62946800
  },
  "thread" : "main",
  "level" : "INFO",
  "loggerName" : "com.epam.upskill.XmlSave",
  "message" : "XML file is created.",
  "endOfBatch" : false,
  "loggerFqcn" : "org.apache.logging.log4j.spi.AbstractLogger",
  "threadId" : 1,
  "threadPriority" : 5
}
{
  "instant" : {
    "epochSecond" : 1612358371,
    "nanoOfSecond" : 63945600
  },
  "thread" : "main",
  "level" : "INFO",
  "loggerName" : "com.epam.upskill.Xml",
  "message" : "The application is finished.",
  "endOfBatch" : false,
  "loggerFqcn" : "org.apache.logging.log4j.spi.AbstractLogger",
  "threadId" : 1,
  "threadPriority" : 5
}
03.02.2021 16:23:32 [main]  INFO  upskill.Xml : 16 - The application is running.
03.02.2021 16:23:37 [main]  INFO  upskill.Xml : 29 - The configuration file is selected.
03.02.2021 16:23:37 [main]  INFO  upskill.XmlParsing : 97 - The configuration file is read.
03.02.2021 16:23:43 [main]  INFO  upskill.Xml : 43 - Directory selected.
03.02.2021 16:23:43 [main]  INFO  upskill.Xml : 58 - Renaming completed.
03.02.2021 16:23:43 [main]  INFO  upskill.XmlSave : 65 - XML file is created.
03.02.2021 16:23:43 [main]  INFO  upskill.XmlSave : 102 - XML file is created.
03.02.2021 16:23:43 [main]  INFO  upskill.Xml : 69 - The application is finished.
